Sun, 31 Dec 2023 11:18:49 CST INF C:/portapps_opt/gopath/pkg/mod/github.com/portapps/portapps/v2@v2.2.2/portapps.go:104 > --------
Sun, 31 Dec 2023 11:18:49 CST INF C:/portapps_opt/gopath/pkg/mod/github.com/portapps/portapps/v2@v2.2.2/portapps.go:105 > Operating System: Windows 10.0.19045
Sun, 31 Dec 2023 11:18:49 CST INF C:/portapps_opt/gopath/pkg/mod/github.com/portapps/portapps/v2@v2.2.2/portapps.go:106 > Starting OpenVPN 2.4.9-I601-8 (portapps 2.2.2)...
Sun, 31 Dec 2023 11:18:49 CST INF C:/portapps_opt/gopath/pkg/mod/github.com/portapps/portapps/v2@v2.2.2/portapps.go:107 > Release date: 2020/04/25 19:29:56
Sun, 31 Dec 2023 11:18:49 CST INF C:/portapps_opt/gopath/pkg/mod/github.com/portapps/portapps/v2@v2.2.2/portapps.go:108 > Publisher: CrazyMax (https://github.com/portapps/openvpn-portable)
Sun, 31 Dec 2023 11:18:49 CST INF C:/portapps_opt/gopath/pkg/mod/github.com/portapps/portapps/v2@v2.2.2/portapps.go:109 > Root path: C:\tools\portapps\openvpn-portable
Sun, 31 Dec 2023 11:18:49 CST INF C:/portapps_opt/gopath/pkg/mod/github.com/portapps/portapps/v2@v2.2.2/portapps.go:113 > Configuration:
common:
  disable_log: false
  args: []
  env: {}
  app_path: ""
app:
  cleanup: false

Sun, 31 Dec 2023 11:18:49 CST ERR C:/Users/travis/build/portapps/openvpn-portable/main.go:98 > Cannot import registry key error="reg file C:\\tools\\portapps\\openvpn-portable\\reg\\OpenVPN-GUI.reg not found"
Sun, 31 Dec 2023 11:18:49 CST INF C:/portapps_opt/gopath/pkg/mod/github.com/portapps/portapps/v2@v2.2.2/portapps.go:136 > Process: C:\tools\portapps\openvpn-portable\app\win10\bin\openvpn-gui.exe
Sun, 31 Dec 2023 11:18:49 CST INF C:/portapps_opt/gopath/pkg/mod/github.com/portapps/portapps/v2@v2.2.2/portapps.go:137 > Args (config file): 
Sun, 31 Dec 2023 11:18:49 CST INF C:/portapps_opt/gopath/pkg/mod/github.com/portapps/portapps/v2@v2.2.2/portapps.go:138 > Args (cmd line): 
Sun, 31 Dec 2023 11:18:49 CST INF C:/portapps_opt/gopath/pkg/mod/github.com/portapps/portapps/v2@v2.2.2/portapps.go:139 > Args (hardcoded): --exe_path C:\tools\portapps\openvpn-portable\app\win10\bin\openvpn.exe --config_dir C:\tools\portapps\openvpn-portable\data\config --ext_string ovpn --log_dir C:\tools\portapps\openvpn-portable\data\log --priority_string NORMAL_PRIORITY_CLASS --append_string 0
Sun, 31 Dec 2023 11:18:49 CST INF C:/portapps_opt/gopath/pkg/mod/github.com/portapps/portapps/v2@v2.2.2/portapps.go:140 > Working dir: C:\tools\portapps\openvpn-portable\app\win10
Sun, 31 Dec 2023 11:18:49 CST INF C:/portapps_opt/gopath/pkg/mod/github.com/portapps/portapps/v2@v2.2.2/portapps.go:141 > App path: C:\tools\portapps\openvpn-portable\app
Sun, 31 Dec 2023 11:18:49 CST INF C:/portapps_opt/gopath/pkg/mod/github.com/portapps/portapps/v2@v2.2.2/portapps.go:142 > Data path: C:\tools\portapps\openvpn-portable\data
Sun, 31 Dec 2023 11:18:49 CST INF C:/portapps_opt/gopath/pkg/mod/github.com/portapps/portapps/v2@v2.2.2/portapps.go:148 > Launching OpenVPN...
Sun, 31 Dec 2023 11:18:49 CST INF C:/portapps_opt/gopath/pkg/mod/github.com/portapps/portapps/v2@v2.2.2/portapps.go:158 > Exec C:\tools\portapps\openvpn-portable\app\win10\bin\openvpn-gui.exe --exe_path C:\tools\portapps\openvpn-portable\app\win10\bin\openvpn.exe --config_dir C:\tools\portapps\openvpn-portable\data\config --ext_string ovpn --log_dir C:\tools\portapps\openvpn-portable\data\log --priority_string NORMAL_PRIORITY_CLASS --append_string 0
Sun, 31 Dec 2023 13:40:46 CST ERR C:/portapps_opt/gopath/pkg/mod/github.com/portapps/portapps/v2@v2.2.2/portapps.go:163 > Command failed error="exit status 1073807364"
